<?xml version="1.0" encoding="UTF-8"?>
<!-- Generated by org.testng.reporters.JUnitXMLReporter -->
<testsuite ignored="4" hostname="LAPTOP-NNBT4H38" failures="5" tests="5" name="Test" time="77.125" errors="0" timestamp="07 May 2021 18:46:35 GMT">
  <testcase classname="com.pedgog.web.tests.HomePageTest" name="navigateToConductPage" time="2.1">
    <failure type="java.lang.AssertionError" message="expected [null] but found [Conduct Zone]">
      <![CDATA[java.lang.AssertionError: expected [null] but found [Conduct Zone]
at com.pedgog.web.tests.HomePageTest.navigateToConductPage(HomePageTest.java:45)
... Removed 31 stack frames]]>
    </failure>
  </testcase> <!-- navigateToConductPage -->
  <testcase classname="com.pedgog.web.tests.HomePageTest" name="navigateToExplorePage" time="10.421">
    <failure type="java.lang.AssertionError" message="expected [null] but found [Explore Zone]">
      <![CDATA[java.lang.AssertionError: expected [null] but found [Explore Zone]
at com.pedgog.web.tests.HomePageTest.navigateToExplorePage(HomePageTest.java:59)
... Removed 31 stack frames]]>
    </failure>
  </testcase> <!-- navigateToExplorePage -->
  <testcase classname="com.pedgog.web.tests.HomePageTest" name="navigateToPreparePage" time="0.545">
    <failure type="java.lang.AssertionError" message="expected [null] but found [Prepare Zone]">
      <![CDATA[java.lang.AssertionError: expected [null] but found [Prepare Zone]
at com.pedgog.web.tests.HomePageTest.navigateToPreparePage(HomePageTest.java:38)
... Removed 31 stack frames]]>
    </failure>
  </testcase> <!-- navigateToPreparePage -->
  <testcase classname="com.pedgog.web.tests.HomePageTest" name="navigateToProjectsPage" time="0.375">
    <failure type="java.lang.AssertionError" message="expected [null] but found [Projects Zone]">
      <![CDATA[java.lang.AssertionError: expected [null] but found [Projects Zone]
at com.pedgog.web.tests.HomePageTest.navigateToProjectsPage(HomePageTest.java:52)
... Removed 31 stack frames]]>
    </failure>
  </testcase> <!-- navigateToProjectsPage -->
  <testcase classname="com.pedgog.web.tests.LoginTest" name="loginWithCorrectCredentials" time="60.201">
    <failure type="org.openqa.selenium.TimeoutException" message="Expected condition failed: element is not visible (tried for 60 second(s) with 500 milliseconds interval)">
      <![CDATA[org.openqa.selenium.TimeoutException: Expected condition failed: element is not visible (tried for 60 second(s) with 500 milliseconds interval)
at org.openqa.selenium.support.ui.WebDriverWait.timeoutException(WebDriverWait.java:95)
at org.openqa.selenium.support.ui.FluentWait.until(FluentWait.java:234)
at com.pedgog.web.common.BasePageAction.enterText(BasePageAction.java:65)
at com.pedgog.web.pages.PedgogLoginPage.enterUserEmail(PedgogLoginPage.java:41)
at com.pedgog.web.tests.LoginTest.loginWithCorrectCredentials(LoginTest.java:30)
Caused by: org.openqa.selenium.NoSuchElementException: no such element: Unable to locate element: {"method":"xpath","selector":"//input[@id="user-email"]"}
  (Session info: chrome=90.0.4430.85)
For documentation on this error, please visit: https://www.seleniumhq.org/exceptions/no_such_element.html
Build info: version: '4.0.0-alpha-1', revision: 'd1d3728cae', time: '2019-04-24T13:42:21'
System info: host: 'LAPTOP-NNBT4H38', ip: '192.168.225.174', os.name: 'Windows 10', os.arch: 'amd64', os.version: '10.0', java.version: '11.0.11'
Driver info: org.openqa.selenium.chrome.ChromeDriver
Capabilities {acceptInsecureCerts: false, browserName: chrome, browserVersion: 90.0.4430.85, chrome: {chromedriverVersion: 90.0.4430.24 (4c6d850f087da..., userDataDir: C:\Users\marxm\AppData\Loca...}, goog:chromeOptions: {debuggerAddress: localhost:61525}, javascriptEnabled: true, networkConnectionEnabled: false, pageLoadStrategy: normal, platform: WINDOWS, platformName: WINDOWS, proxy: Proxy(), setWindowRect: true, strictFileInteractability: false, timeouts: {implicit: 0, pageLoad: 300000, script: 30000}, unhandledPromptBehavior: dismiss and notify, webauthn:extension:largeBlob: true, webauthn:virtualAuthenticators: true}
Session ID: 4d83f7302e7db570bf50807e3772754e
*** Element info: {Using=xpath, value=//input[@id="user-email"]}
at org.openqa.selenium.remote.codec.w3c.W3CHttpResponseCodec.createException(W3CHttpResponseCodec.java:190)
at org.openqa.selenium.remote.codec.w3c.W3CHttpResponseCodec.decode(W3CHttpResponseCodec.java:124)
at org.openqa.selenium.remote.codec.w3c.W3CHttpResponseCodec.decode(W3CHttpResponseCodec.java:51)
at org.openqa.selenium.remote.HttpCommandExecutor.execute(HttpCommandExecutor.java:161)
at org.openqa.selenium.remote.service.DriverCommandExecutor.execute(DriverCommandExecutor.java:83)
at org.openqa.selenium.remote.RemoteWebDriver.execute(RemoteWebDriver.java:577)
at org.openqa.selenium.remote.RemoteWebDriver.findElement(RemoteWebDriver.java:328)
at org.openqa.selenium.remote.RemoteWebDriver.findElementByXPath(RemoteWebDriver.java:446)
at org.openqa.selenium.By$ByXPath.findElement(By.java:353)
at org.openqa.selenium.remote.RemoteWebDriver.findElement(RemoteWebDriver.java:320)
at org.openqa.selenium.support.pagefactory.DefaultElementLocator.findElement(DefaultElementLocator.java:70)
at org.openqa.selenium.support.pagefactory.internal.LocatingElementHandler.invoke(LocatingElementHandler.java:39)
at com.sun.proxy.$Proxy14.isDisplayed(Unknown Source)
at org.openqa.selenium.support.ui.ExpectedConditions.elementIfVisible(ExpectedConditions.java:314)
at org.openqa.selenium.support.ui.ExpectedConditions.access$000(ExpectedConditions.java:43)
at org.openqa.selenium.support.ui.ExpectedConditions$10.apply(ExpectedConditions.java:300)
at org.openqa.selenium.support.ui.ExpectedConditions$10.apply(ExpectedConditions.java:297)
at org.openqa.selenium.support.ui.FluentWait.until(FluentWait.java:211)
... 28 more
... Removed 28 stack frames]]>
    </failure>
  </testcase> <!-- loginWithCorrectCredentials -->
  <testcase classname="com.pedgog.web.common.TestBase" name="@BeforeSuite setDrivers" time="0.0">
    <ignored/>
  </testcase> <!-- @BeforeSuite setDrivers -->
  <testcase classname="com.pedgog.web.common.TestBase" name="@BeforeSuite setDrivers" time="0.0">
    <ignored/>
  </testcase> <!-- @BeforeSuite setDrivers -->
  <testcase classname="com.pedgog.web.common.TestBase" name="@AfterSuite closeDriver" time="0.0">
    <ignored/>
  </testcase> <!-- @AfterSuite closeDriver -->
  <testcase classname="com.pedgog.web.common.TestBase" name="@AfterSuite closeDriver" time="0.0">
    <ignored/>
  </testcase> <!-- @AfterSuite closeDriver -->
</testsuite> <!-- Test -->
